<?xml version="1.0" encoding="UTF-8"?>
<testng-results skipped="0" failed="0" ignored="0" total="1" passed="1">
  <reporter-output>
  </reporter-output>
  <suite name="Default suite" duration-ms="5943" started-at="2022-02-04T09:18:38 IST" finished-at="2022-02-04T09:18:44 IST">
    <groups>
    </groups>
    <test name="Default test" duration-ms="5943" started-at="2022-02-04T09:18:38 IST" finished-at="2022-02-04T09:18:44 IST">
      <class name="com.selenium.TestJenkins">
        <test-method status="PASS" signature="testGoogleLaunch()[pri:0, instance:com.selenium.TestJenkins@467aecef]" name="testGoogleLaunch" duration-ms="5917" started-at="2022-02-04T09:18:38 IST" finished-at="2022-02-04T09:18:44 IST">
          <reporter-output>
          </reporter-output>
        </test-method> <!-- testGoogleLaunch -->
      </class> <!-- com.selenium.TestJenkins -->
    </test> <!-- Default test -->
  </suite> <!-- Default suite -->
</testng-results>
